<?xml version="1.0" encoding="UTF-8"?>
<!-- Generated by org.testng.reporters.JUnitReportReporter -->
<testsuite hostname="DESKTOP-30EK6F0" failures="0" tests="5" name="com.vtiger.testscript.SearchTextBox" time="11.901" errors="0" timestamp="2022-11-01T11:50:40 IST" skipped="0">
  <testcase classname="com.vtiger.testscript.SearchTextBox" name="testSearchTxtBx" time="3.524"/>
  <system-out/>
  <testcase classname="com.vtiger.testscript.SearchTextBox" name="testSearchTxtBx" time="1.859"/>
  <system-out/>
  <testcase classname="com.vtiger.testscript.SearchTextBox" name="testSearchTxtBx" time="2.196"/>
  <system-out/>
  <testcase classname="com.vtiger.testscript.SearchTextBox" name="testSearchTxtBx" time="2.102"/>
  <system-out/>
  <testcase classname="com.vtiger.testscript.SearchTextBox" name="testSearchTxtBx" time="2.220"/>
  <system-out/>
</testsuite> <!-- com.vtiger.testscript.SearchTextBox -->
