<?xml version="1.0" encoding="UTF-8"?>
<!-- Generated by org.testng.reporters.JUnitReportReporter -->
<testsuite hostname="DESKTOP-30EK6F0" failures="0" tests="3" name="com.vtiger.testscript.Leads" time="451.540" errors="0" timestamp="2022-11-01T22:26:10 IST" skipped="0">
  <testcase classname="com.vtiger.testscript.Leads" name="createLead" time="269.293"/>
  <system-out>
    <![CDATA[Leads>>createLead>>Thread ID 21]]>
  </system-out>
  <testcase classname="com.vtiger.testscript.Leads" name="editLead" time="121.352"/>
  <system-out>
    <![CDATA[Leads>>editLead>>Thread ID 21]]>
  </system-out>
  <testcase classname="com.vtiger.testscript.Leads" name="deleteLead" time="60.895"/>
  <system-out>
    <![CDATA[Leads>>deleteLead>>Thread ID 21]]>
  </system-out>
</testsuite> <!-- com.vtiger.testscript.Leads -->
