<?xml version="1.0" encoding="UTF-8"?>
<!-- Generated by org.testng.reporters.JUnitReportReporter -->
<testsuite hostname="DESKTOP-30EK6F0" failures="0" tests="1" name="com.vtiger.testscript.Demo" time="15.219" errors="0" timestamp="2022-10-27T13:16:44 IST" skipped="0">
  <testcase classname="com.vtiger.testscript.Demo" name="check" time="15.219"/>
  <system-out/>
</testsuite> <!-- com.vtiger.testscript.Demo -->
