<?xml version="1.0" encoding="UTF-8"?>
<!-- Generated by org.testng.reporters.JUnitReportReporter -->
<testsuite hostname="DESKTOP-30EK6F0" failures="0" tests="3" name="com.vtiger.testscript.Accounts" time="58.329" errors="0" timestamp="2022-11-01T22:33:50 IST" skipped="0">
  <testcase classname="com.vtiger.testscript.Accounts" name="createAccount" time="29.567"/>
  <system-out>
    <![CDATA[Accounts>>createAccount>>Thread ID 1]]>
  </system-out>
  <testcase classname="com.vtiger.testscript.Accounts" name="deleteAccount" time="3.341"/>
  <system-out>
    <![CDATA[Accounts>>deleteAccount>>Thread ID 1]]>
  </system-out>
  <testcase classname="com.vtiger.testscript.Accounts" name="editAccount" time="25.421"/>
  <system-out>
    <![CDATA[Accounts>>editAccount>>Thread ID 1]]>
  </system-out>
</testsuite> <!-- com.vtiger.testscript.Accounts -->
