<?xml version="1.0" encoding="UTF-8"?>
<!-- Generated by org.testng.reporters.JUnitReportReporter -->
<testsuite hostname="DESKTOP-30EK6F0" failures="0" tests="3" name="com.vtiger.testscript.Campaigns" time="364.604" errors="0" timestamp="2022-11-01T22:26:10 IST" skipped="0">
  <testcase classname="com.vtiger.testscript.Campaigns" name="createCampaign" time="224.406"/>
  <system-out>
    <![CDATA[Campaigns>>createCampaign>>Thread ID 20]]>
  </system-out>
  <testcase classname="com.vtiger.testscript.Campaigns" name="editCampaign" time="78.184"/>
  <system-out>
    <![CDATA[Campaigns>>editCampaign>>Thread ID 20]]>
  </system-out>
  <testcase classname="com.vtiger.testscript.Campaigns" name="deleteCampaign" time="62.014"/>
  <system-out>
    <![CDATA[Campaigns>>deleteCampaign>>Thread ID 20]]>
  </system-out>
</testsuite> <!-- com.vtiger.testscript.Campaigns -->
