<?xml version="1.0" encoding="UTF-8"?>
<!-- Generated by org.testng.reporters.JUnitReportReporter -->
<testsuite hostname="DESKTOP-30EK6F0" failures="0" tests="3" name="com.vtiger.testscript.Contacts" time="573.997" errors="0" timestamp="2022-11-01T22:26:10 IST" skipped="0">
  <testcase classname="com.vtiger.testscript.Contacts" name="createContact" time="453.859"/>
  <system-out>
    <![CDATA[Contacts>>createContact>>Thread ID 23]]>
  </system-out>
  <testcase classname="com.vtiger.testscript.Contacts" name="editContact" time="102.138"/>
  <system-out>
    <![CDATA[Contacts>>editContact>>Thread ID 23]]>
  </system-out>
  <testcase classname="com.vtiger.testscript.Contacts" name="deleteContact" time="18.000"/>
  <system-out>
    <![CDATA[Contacts>>deleteContact>>Thread ID 23]]>
  </system-out>
</testsuite> <!-- com.vtiger.testscript.Contacts -->
